<?xml version="1.0" encoding="UTF-8"?>
<testsuite xmlns:xsi="http://www.w3.org/2001/XMLSchema-instance" xsi:noNamespaceSchemaLocation="https://maven.apache.org/surefire/maven-surefire-plugin/xsd/surefire-test-report.xsd" name="DemoBankingApp.LoginTests" time="92.322" tests="82" errors="0" skipped="0" failures="0">
  <properties>
    <property name="sun.desktop" value="windows"/>
    <property name="awt.toolkit" value="sun.awt.windows.WToolkit"/>
    <property name="file.encoding.pkg" value="sun.io"/>
    <property name="java.specification.version" value="1.8"/>
    <property name="sun.cpu.isalist" value="amd64"/>
    <property name="sun.jnu.encoding" value="Cp1252"/>
    <property name="java.class.path" value="C:\Github\BankDemoLive\target\test-classes;C:\Github\BankDemoLive\target\classes;C:\Users\james\.m2\repository\org\junit\jupiter\junit-jupiter-api\5.4.2\junit-jupiter-api-5.4.2.jar;C:\Users\james\.m2\repository\org\apiguardian\apiguardian-api\1.0.0\apiguardian-api-1.0.0.jar;C:\Users\james\.m2\repository\org\opentest4j\opentest4j\1.1.1\opentest4j-1.1.1.jar;C:\Users\james\.m2\repository\org\junit\platform\junit-platform-commons\1.4.2\junit-platform-commons-1.4.2.jar;C:\Users\james\.m2\repository\org\junit\jupiter\junit-jupiter-params\5.4.2\junit-jupiter-params-5.4.2.jar;C:\Users\james\.m2\repository\junit\junit\4.12\junit-4.12.jar;C:\Users\james\.m2\repository\org\hamcrest\hamcrest-core\1.3\hamcrest-core-1.3.jar;C:\Users\james\.m2\repository\org\junit\jupiter\junit-jupiter-engine\5.4.2\junit-jupiter-engine-5.4.2.jar;C:\Users\james\.m2\repository\org\junit\platform\junit-platform-engine\1.4.2\junit-platform-engine-1.4.2.jar;C:\Users\james\.m2\repository\org\junit\vintage\junit-vintage-engine\5.4.2\junit-vintage-engine-5.4.2.jar;"/>
    <property name="java.vm.vendor" value="Oracle Corporation"/>
    <property name="sun.arch.data.model" value="64"/>
    <property name="user.variant" value=""/>
    <property name="java.vendor.url" value="http://java.oracle.com/"/>
    <property name="user.timezone" value="America/Los_Angeles"/>
    <property name="java.vm.specification.version" value="1.8"/>
    <property name="os.name" value="Windows 10"/>
    <property name="user.country" value="NZ"/>
    <property name="sun.java.launcher" value="SUN_STANDARD"/>
    <property name="sun.boot.library.path" value="C:\Program Files\Java\jdk1.8.0_131\jre\bin"/>
    <property name="sun.java.command" value="C:\Users\james\AppData\Local\Temp\surefire1963120528691496679\surefirebooter303230294501331420.jar C:\Users\james\AppData\Local\Temp\surefire1963120528691496679 2019-10-29T12-04-18_322-jvmRun1 surefire6177377498877322082tmp surefire_08490648621647980708tmp"/>
    <property name="surefire.test.class.path" value="C:\Github\BankDemoLive\target\test-classes;C:\Github\BankDemoLive\target\classes;C:\Users\james\.m2\repository\org\junit\jupiter\junit-jupiter-api\5.4.2\junit-jupiter-api-5.4.2.jar;C:\Users\james\.m2\repository\org\apiguardian\apiguardian-api\1.0.0\apiguardian-api-1.0.0.jar;C:\Users\james\.m2\repository\org\opentest4j\opentest4j\1.1.1\opentest4j-1.1.1.jar;C:\Users\james\.m2\repository\org\junit\platform\junit-platform-commons\1.4.2\junit-platform-commons-1.4.2.jar;C:\Users\james\.m2\repository\org\junit\jupiter\junit-jupiter-params\5.4.2\junit-jupiter-params-5.4.2.jar;C:\Users\james\.m2\repository\junit\junit\4.12\junit-4.12.jar;C:\Users\james\.m2\repository\org\hamcrest\hamcrest-core\1.3\hamcrest-core-1.3.jar;C:\Users\james\.m2\repository\org\junit\jupiter\junit-jupiter-engine\5.4.2\junit-jupiter-engine-5.4.2.jar;C:\Users\james\.m2\repository\org\junit\platform\junit-platform-engine\1.4.2\junit-platform-engine-1.4.2.jar;C:\Users\james\.m2\repository\org\junit\vintage\junit-vintage-engine\5.4.2\junit-vintage-engine-5.4.2.jar;"/>
    <property name="sun.cpu.endian" value="little"/>
    <property name="user.home" value="C:\Users\james"/>
    <property name="user.language" value="en"/>
    <property name="java.specification.vendor" value="Oracle Corporation"/>
    <property name="java.home" value="C:\Program Files\Java\jdk1.8.0_131\jre"/>
    <property name="basedir" value="C:\Github\BankDemoLive"/>
    <property name="file.separator" value="\"/>
    <property name="line.separator" value="&#10;"/>
    <property name="java.vm.specification.vendor" value="Oracle Corporation"/>
    <property name="java.specification.name" value="Java Platform API Specification"/>
    <property name="java.awt.graphicsenv" value="sun.awt.Win32GraphicsEnvironment"/>
    <property name="surefire.real.class.path" value="C:\Users\james\AppData\Local\Temp\surefire1963120528691496679\surefirebooter303230294501331420.jar"/>
    <property name="sun.boot.class.path" value="C:\Program Files\Java\jdk1.8.0_131\jre\lib\resources.jar;C:\Program Files\Java\jdk1.8.0_131\jre\lib\rt.jar;C:\Program Files\Java\jdk1.8.0_131\jre\lib\sunrsasign.jar;C:\Program Files\Java\jdk1.8.0_131\jre\lib\jsse.jar;C:\Program Files\Java\jdk1.8.0_131\jre\lib\jce.jar;C:\Program Files\Java\jdk1.8.0_131\jre\lib\charsets.jar;C:\Program Files\Java\jdk1.8.0_131\jre\lib\jfr.jar;C:\Program Files\Java\jdk1.8.0_131\jre\classes"/>
    <property name="user.script" value=""/>
    <property name="sun.management.compiler" value="HotSpot 64-Bit Tiered Compilers"/>
    <property name="java.runtime.version" value="1.8.0_131-b11"/>
    <property name="user.name" value="james"/>
    <property name="path.separator" value=";"/>
    <property name="os.version" value="10.0"/>
    <property name="java.endorsed.dirs" value="C:\Program Files\Java\jdk1.8.0_131\jre\lib\endorsed"/>
    <property name="java.runtime.name" value="Java(TM) SE Runtime Environment"/>
    <property name="file.encoding" value="Cp1252"/>
    <property name="java.vm.name" value="Java HotSpot(TM) 64-Bit Server VM"/>
    <property name="localRepository" value="C:\Users\james\.m2\repository"/>
    <property name="java.vendor.url.bug" value="http://bugreport.sun.com/bugreport/"/>
    <property name="java.io.tmpdir" value="C:\Users\james\AppData\Local\Temp\"/>
    <property name="java.version" value="1.8.0_131"/>
    <property name="user.dir" value="C:\Github\BankDemoLive"/>
    <property name="os.arch" value="amd64"/>
    <property name="java.vm.specification.name" value="Java Virtual Machine Specification"/>
    <property name="java.awt.printerjob" value="sun.awt.windows.WPrinterJob"/>
    <property name="sun.os.patch.level" value=""/>
    <property name="java.library.path" value="C:\Program Files\Java\jdk1.8.0_131\jre\bin;C:\WINDOWS\Sun\Java\bin;C:\WINDOWS\system32;C:\WINDOWS;C:\ProgramData\DockerDesktop\version-bin;C:\Program Files\Docker\Docker\Resources\bin;C:\Program Files (x86)\Intel\iCLS Client\;C:\ProgramData\Oracle\Java\javapath;C:\Program Files\Intel\iCLS Client\;C:\Windows\system32;C:\Windows;C:\Windows\System32\Wbem;C:\Windows\System32\WindowsPowerShell\v1.0\;C:\Program Files (x86)\NVIDIA Corporation\PhysX\Common;C:\Program Files\Java\jdk1.8.0_131\bin;C:\Program Files\Intel\WiFi\bin\;C:\Program Files\Common Files\Intel\WirelessCommon\;C:\WINDOWS\system32;C:\WINDOWS;C:\WINDOWS\System32\Wbem;C:\WINDOWS\System32\WindowsPowerShell\v1.0\;C:\Program Files (x86)\Intel\Intel(R) Management Engine Components\DAL;C:\Program Files\Intel\Intel(R) Management Engine Components\DAL;C:\Program Files (x86)\Intel\Intel(R) Management Engine Components\IPT;C:\Program Files\Intel\Intel(R) Management Engine Components\IPT;C:\WINDOWS\System32\OpenSSH\;C:\Program Files (x86)\Sennheiser\HeadSetup\;C:\Program Files (x86)\Sennheiser\Sennheiser Updater\;C:\Program Files\nodejs\;C:\Program Files\PuTTY\;C:\Program Files\Git\cmd;C:\Program Files\dotnet\;C:\apache\apache-maven-3.5.0\bin;C:\apache\apache-ant-1.10.5\bin;C:\gradle-5.6.2\bin;;C:\Program Files\NVIDIA Corporation\NVIDIA NvDLISR;C:\Ruby26-x64\bin;C:\Users\james\AppData\Local\Microsoft\WindowsApps;C:\Program Files\Java\jdk1.8.0_131\bin;C:\Users\james\AppData\Roaming\npm;C:\Users\james\AppData\Local\Programs\Microsoft VS Code\bin;C:\Users\james\AppData\Local\GitHubDesktop\bin;."/>
    <property name="java.vm.info" value="mixed mode"/>
    <property name="java.vendor" value="Oracle Corporation"/>
    <property name="java.vm.version" value="25.131-b11"/>
    <property name="java.ext.dirs" value="C:\Program Files\Java\jdk1.8.0_131\jre\lib\ext;C:\WINDOWS\Sun\Java\lib\ext"/>
    <property name="sun.io.unicode.encoding" value="UnicodeLittle"/>
    <property name="java.class.version" value="52.0"/>
  </properties>
  <testcase name="LoginTest[1]" classname="DemoBankingApp.LoginTests" time="1.099"/>
  <testcase name="LoginTest[2]" classname="DemoBankingApp.LoginTests" time="1.126"/>
  <testcase name="LoginTest[3]" classname="DemoBankingApp.LoginTests" time="1.125"/>
  <testcase name="LoginTest[4]" classname="DemoBankingApp.LoginTests" time="1.125"/>
  <testcase name="LoginTest[5]" classname="DemoBankingApp.LoginTests" time="1.127"/>
  <testcase name="LoginTest[6]" classname="DemoBankingApp.LoginTests" time="1.126"/>
  <testcase name="LoginTest[7]" classname="DemoBankingApp.LoginTests" time="1.126"/>
  <testcase name="LoginTest[8]" classname="DemoBankingApp.LoginTests" time="1.126"/>
  <testcase name="LoginTest[9]" classname="DemoBankingApp.LoginTests" time="1.127"/>
  <testcase name="LoginTest[10]" classname="DemoBankingApp.LoginTests" time="1.126"/>
  <testcase name="LoginTest[11]" classname="DemoBankingApp.LoginTests" time="1.124"/>
  <testcase name="LoginTest[12]" classname="DemoBankingApp.LoginTests" time="1.125"/>
  <testcase name="LoginTest[13]" classname="DemoBankingApp.LoginTests" time="1.126"/>
  <testcase name="LoginTest[14]" classname="DemoBankingApp.LoginTests" time="1.126"/>
  <testcase name="LoginTest[15]" classname="DemoBankingApp.LoginTests" time="1.125"/>
  <testcase name="LoginTest[16]" classname="DemoBankingApp.LoginTests" time="1.127"/>
  <testcase name="LoginTest[17]" classname="DemoBankingApp.LoginTests" time="1.125"/>
  <testcase name="LoginTest[18]" classname="DemoBankingApp.LoginTests" time="1.126"/>
  <testcase name="LoginTest[19]" classname="DemoBankingApp.LoginTests" time="1.125"/>
  <testcase name="LoginTest[20]" classname="DemoBankingApp.LoginTests" time="1.125"/>
  <testcase name="LoginTest[21]" classname="DemoBankingApp.LoginTests" time="1.126"/>
  <testcase name="LoginTest[22]" classname="DemoBankingApp.LoginTests" time="1.125"/>
  <testcase name="LoginTest[23]" classname="DemoBankingApp.LoginTests" time="1.125"/>
  <testcase name="LoginTest[24]" classname="DemoBankingApp.LoginTests" time="1.126"/>
  <testcase name="LoginTest[25]" classname="DemoBankingApp.LoginTests" time="1.126"/>
  <testcase name="LoginTest[26]" classname="DemoBankingApp.LoginTests" time="1.126"/>
  <testcase name="LoginTest[27]" classname="DemoBankingApp.LoginTests" time="1.125"/>
  <testcase name="LoginTest[28]" classname="DemoBankingApp.LoginTests" time="1.124"/>
  <testcase name="LoginTest[29]" classname="DemoBankingApp.LoginTests" time="1.126"/>
  <testcase name="LoginTest[30]" classname="DemoBankingApp.LoginTests" time="1.126"/>
  <testcase name="LoginTest[31]" classname="DemoBankingApp.LoginTests" time="1.126"/>
  <testcase name="LoginTest[32]" classname="DemoBankingApp.LoginTests" time="1.125"/>
  <testcase name="LoginTest[33]" classname="DemoBankingApp.LoginTests" time="1.126"/>
  <testcase name="LoginTest[34]" classname="DemoBankingApp.LoginTests" time="1.126"/>
  <testcase name="LoginTest[35]" classname="DemoBankingApp.LoginTests" time="1.126"/>
  <testcase name="LoginTest[36]" classname="DemoBankingApp.LoginTests" time="1.126"/>
  <testcase name="LoginTest[37]" classname="DemoBankingApp.LoginTests" time="1.126"/>
  <testcase name="LoginTest[38]" classname="DemoBankingApp.LoginTests" time="1.126"/>
  <testcase name="LoginTest[39]" classname="DemoBankingApp.LoginTests" time="1.126"/>
  <testcase name="LoginTest[40]" classname="DemoBankingApp.LoginTests" time="1.125"/>
  <testcase name="LoginTest[41]" classname="DemoBankingApp.LoginTests" time="1.126"/>
  <testcase name="LoginTest[42]" classname="DemoBankingApp.LoginTests" time="1.127"/>
  <testcase name="LoginTest[43]" classname="DemoBankingApp.LoginTests" time="1.125"/>
  <testcase name="LoginTest[44]" classname="DemoBankingApp.LoginTests" time="1.126"/>
  <testcase name="LoginTest[45]" classname="DemoBankingApp.LoginTests" time="1.126"/>
  <testcase name="LoginTest[46]" classname="DemoBankingApp.LoginTests" time="1.126"/>
  <testcase name="LoginTest[47]" classname="DemoBankingApp.LoginTests" time="1.125"/>
  <testcase name="LoginTest[48]" classname="DemoBankingApp.LoginTests" time="1.125"/>
  <testcase name="LoginTest[49]" classname="DemoBankingApp.LoginTests" time="1.127"/>
  <testcase name="LoginTest[50]" classname="DemoBankingApp.LoginTests" time="1.126"/>
  <testcase name="LoginTest[51]" classname="DemoBankingApp.LoginTests" time="1.125"/>
  <testcase name="LoginTest[52]" classname="DemoBankingApp.LoginTests" time="1.126"/>
  <testcase name="LoginTest[53]" classname="DemoBankingApp.LoginTests" time="1.126"/>
  <testcase name="LoginTest[54]" classname="DemoBankingApp.LoginTests" time="1.126"/>
  <testcase name="LoginTest[55]" classname="DemoBankingApp.LoginTests" time="1.126"/>
  <testcase name="LoginTest[56]" classname="DemoBankingApp.LoginTests" time="1.125"/>
  <testcase name="LoginTest[57]" classname="DemoBankingApp.LoginTests" time="1.125"/>
  <testcase name="LoginTest[58]" classname="DemoBankingApp.LoginTests" time="1.125"/>
  <testcase name="LoginTest[59]" classname="DemoBankingApp.LoginTests" time="1.126"/>
  <testcase name="LoginTest[60]" classname="DemoBankingApp.LoginTests" time="1.126"/>
  <testcase name="LoginTest[61]" classname="DemoBankingApp.LoginTests" time="1.126"/>
  <testcase name="LoginTest[62]" classname="DemoBankingApp.LoginTests" time="1.125"/>
  <testcase name="LoginTest[63]" classname="DemoBankingApp.LoginTests" time="1.127"/>
  <testcase name="LoginTest[64]" classname="DemoBankingApp.LoginTests" time="1.125"/>
  <testcase name="LoginTest[65]" classname="DemoBankingApp.LoginTests" time="1.127"/>
  <testcase name="LoginTest[66]" classname="DemoBankingApp.LoginTests" time="1.125"/>
  <testcase name="LoginTest[67]" classname="DemoBankingApp.LoginTests" time="1.125"/>
  <testcase name="LoginTest[68]" classname="DemoBankingApp.LoginTests" time="1.125"/>
  <testcase name="LoginTest[69]" classname="DemoBankingApp.LoginTests" time="1.125"/>
  <testcase name="LoginTest[70]" classname="DemoBankingApp.LoginTests" time="1.124"/>
  <testcase name="LoginTest[71]" classname="DemoBankingApp.LoginTests" time="1.126"/>
  <testcase name="LoginTest[72]" classname="DemoBankingApp.LoginTests" time="1.124"/>
  <testcase name="LoginTest[73]" classname="DemoBankingApp.LoginTests" time="1.126"/>
  <testcase name="LoginTest[74]" classname="DemoBankingApp.LoginTests" time="1.125"/>
  <testcase name="LoginTest[75]" classname="DemoBankingApp.LoginTests" time="1.126"/>
  <testcase name="LoginTest[76]" classname="DemoBankingApp.LoginTests" time="1.126"/>
  <testcase name="LoginTest[77]" classname="DemoBankingApp.LoginTests" time="1.125"/>
  <testcase name="LoginTest[78]" classname="DemoBankingApp.LoginTests" time="1.126"/>
  <testcase name="LoginTest[79]" classname="DemoBankingApp.LoginTests" time="1.126"/>
  <testcase name="LoginTest[80]" classname="DemoBankingApp.LoginTests" time="1.125"/>
  <testcase name="LoginTest[81]" classname="DemoBankingApp.LoginTests" time="1.125"/>
  <testcase name="LoginTest[82]" classname="DemoBankingApp.LoginTests" time="1.126"/>
</testsuite>